<?xml version="1.0" encoding="UTF-8"?>
<testsuite name="org.ait.qa25.AddItemToCartTests" tests="1" skipped="0" failures="0" errors="0" timestamp="2023-09-13T09:27:22" hostname="DESKTOP-OS617JJ" time="2.065">
  <properties/>
  <testcase name="addItemToCartPositiveTest" classname="org.ait.qa25.AddItemToCartTests" time="2.065"/>
  <system-out><![CDATA[]]></system-out>
  <system-err><![CDATA[JavaScript warning: https://demowebshop.tricentis.com/Scripts/jquery-1.10.2.min.js, line 19: Using //@ to indicate sourceMappingURL pragmas is deprecated. Use //# instead
]]></system-err>
</testsuite>
